Analysis & Synthesis report for lab1
Thu Jul 21 21:12:01 2022
Quartus Prime Version 18.1.0 Build 625 09/12/2018 SJ Lite Edition


---------------------
; Table of Contents ;
---------------------
  1. Legal Notice
  2. Analysis & Synthesis Summary
  3. Analysis & Synthesis Settings
  4. Parallel Compilation
  5. Analysis & Synthesis Source Files Read
  6. Analysis & Synthesis Resource Usage Summary
  7. Analysis & Synthesis Resource Utilization by Entity
  8. General Register Statistics
  9. Port Connectivity Checks: "mux_3bit_6to1:mux0"
 10. Post-Synthesis Netlist Statistics for Top Partition
 11. Elapsed Time Per Partition
 12. Analysis & Synthesis Messages



----------------
; Legal Notice ;
----------------
Copyright (C) 2018  Intel Corporation. All rights reserved.
Your use of Intel Corporation's design tools, logic functions 
and other software and tools, and its AMPP partner logic 
functions, and any output files from any of the foregoing 
(including device programming or simulation files), and any 
associated documentation or information are expressly subject 
to the terms and conditions of the Intel Program License 
Subscription Agreement, the Intel Quartus Prime License Agreement,
the Intel FPGA IP License Agreement, or other applicable license
agreement, including, without limitation, that your use is for
the sole purpose of programming logic devices manufactured by
Intel and sold by Intel or its authorized distributors.  Please
refer to the applicable agreement for further details.



+----------------------------------------------------------------------------------+
; Analysis & Synthesis Summary                                                     ;
+------------------------------------+---------------------------------------------+
; Analysis & Synthesis Status        ; Successful - Thu Jul 21 21:12:01 2022       ;
; Quartus Prime Version              ; 18.1.0 Build 625 09/12/2018 SJ Lite Edition ;
; Revision Name                      ; lab1                                        ;
; Top-level Entity Name              ; part6                                       ;
; Family                             ; MAX 10                                      ;
; Total logic elements               ; 18                                          ;
;     Total combinational functions  ; 18                                          ;
;     Dedicated logic registers      ; 0                                           ;
; Total registers                    ; 0                                           ;
; Total pins                         ; 62                                          ;
; Total virtual pins                 ; 0                                           ;
; Total memory bits                  ; 0                                           ;
; Embedded Multiplier 9-bit elements ; 0                                           ;
; Total PLLs                         ; 0                                           ;
; UFM blocks                         ; 0                                           ;
; ADC blocks                         ; 0                                           ;
+------------------------------------+---------------------------------------------+


+------------------------------------------------------------------------------------------------------------+
; Analysis & Synthesis Settings                                                                              ;
+------------------------------------------------------------------+--------------------+--------------------+
; Option                                                           ; Setting            ; Default Value      ;
+------------------------------------------------------------------+--------------------+--------------------+
; Device                                                           ; 10M50DAF484C7G     ;                    ;
; Top-level entity name                                            ; part6              ; lab1               ;
; Family name                                                      ; MAX 10             ; Cyclone V          ;
; Use smart compilation                                            ; Off                ; Off                ;
; Enable parallel Assembler and Timing Analyzer during compilation ; On                 ; On                 ;
; Enable compact report table                                      ; Off                ; Off                ;
; Restructure Multiplexers                                         ; Auto               ; Auto               ;
; Create Debugging Nodes for IP Cores                              ; Off                ; Off                ;
; Preserve fewer node names                                        ; On                 ; On                 ;
; Intel FPGA IP Evaluation Mode                                    ; Enable             ; Enable             ;
; Verilog Version                                                  ; Verilog_2001       ; Verilog_2001       ;
; VHDL Version                                                     ; VHDL_1993          ; VHDL_1993          ;
; State Machine Processing                                         ; Auto               ; Auto               ;
; Safe State Machine                                               ; Off                ; Off                ;
; Extract Verilog State Machines                                   ; On                 ; On                 ;
; Extract VHDL State Machines                                      ; On                 ; On                 ;
; Ignore Verilog initial constructs                                ; Off                ; Off                ;
; Iteration limit for constant Verilog loops                       ; 5000               ; 5000               ;
; Iteration limit for non-constant Verilog loops                   ; 250                ; 250                ;
; Add Pass-Through Logic to Inferred RAMs                          ; On                 ; On                 ;
; Infer RAMs from Raw Logic                                        ; On                 ; On                 ;
; Parallel Synthesis                                               ; On                 ; On                 ;
; DSP Block Balancing                                              ; Auto               ; Auto               ;
; NOT Gate Push-Back                                               ; On                 ; On                 ;
; Power-Up Don't Care                                              ; On                 ; On                 ;
; Remove Redundant Logic Cells                                     ; Off                ; Off                ;
; Remove Duplicate Registers                                       ; On                 ; On                 ;
; Ignore CARRY Buffers                                             ; Off                ; Off                ;
; Ignore CASCADE Buffers                                           ; Off                ; Off                ;
; Ignore GLOBAL Buffers                                            ; Off                ; Off                ;
; Ignore ROW GLOBAL Buffers                                        ; Off                ; Off                ;
; Ignore LCELL Buffers                                             ; Off                ; Off                ;
; Ignore SOFT Buffers                                              ; On                 ; On                 ;
; Limit AHDL Integers to 32 Bits                                   ; Off                ; Off                ;
; Optimization Technique                                           ; Balanced           ; Balanced           ;
; Carry Chain Length                                               ; 70                 ; 70                 ;
; Auto Carry Chains                                                ; On                 ; On                 ;
; Auto Open-Drain Pins                                             ; On                 ; On                 ;
; Perform WYSIWYG Primitive Resynthesis                            ; Off                ; Off                ;
; Auto ROM Replacement                                             ; On                 ; On                 ;
; Auto RAM Replacement                                             ; On                 ; On                 ;
; Auto DSP Block Replacement                                       ; On                 ; On                 ;
; Auto Shift Register Replacement                                  ; Auto               ; Auto               ;
; Allow Shift Register Merging across Hierarchies                  ; Auto               ; Auto               ;
; Auto Clock Enable Replacement                                    ; On                 ; On                 ;
; Strict RAM Replacement                                           ; Off                ; Off                ;
; Allow Synchronous Control Signals                                ; On                 ; On                 ;
; Force Use of Synchronous Clear Signals                           ; Off                ; Off                ;
; Auto RAM Block Balancing                                         ; On                 ; On                 ;
; Auto RAM to Logic Cell Conversion                                ; Off                ; Off                ;
; Auto Resource Sharing                                            ; Off                ; Off                ;
; Allow Any RAM Size For Recognition                               ; Off                ; Off                ;
; Allow Any ROM Size For Recognition                               ; Off                ; Off                ;
; Allow Any Shift Register Size For Recognition                    ; Off                ; Off                ;
; Use LogicLock Constraints during Resource Balancing              ; On                 ; On                 ;
; Ignore translate_off and synthesis_off directives                ; Off                ; Off                ;
; Timing-Driven Synthesis                                          ; On                 ; On                 ;
; Report Parameter Settings                                        ; On                 ; On                 ;
; Report Source Assignments                                        ; On                 ; On                 ;
; Report Connectivity Checks                                       ; On                 ; On                 ;
; Ignore Maximum Fan-Out Assignments                               ; Off                ; Off                ;
; Synchronization Register Chain Length                            ; 2                  ; 2                  ;
; Power Optimization During Synthesis                              ; Normal compilation ; Normal compilation ;
; HDL message level                                                ; Level2             ; Level2             ;
; Suppress Register Optimization Related Messages                  ; Off                ; Off                ;
; Number of Removed Registers Reported in Synthesis Report         ; 5000               ; 5000               ;
; Number of Swept Nodes Reported in Synthesis Report               ; 5000               ; 5000               ;
; Number of Inverted Registers Reported in Synthesis Report        ; 100                ; 100                ;
; Clock MUX Protection                                             ; On                 ; On                 ;
; Auto Gated Clock Conversion                                      ; Off                ; Off                ;
; Block Design Naming                                              ; Auto               ; Auto               ;
; SDC constraint protection                                        ; Off                ; Off                ;
; Synthesis Effort                                                 ; Auto               ; Auto               ;
; Shift Register Replacement - Allow Asynchronous Clear Signal     ; On                 ; On                 ;
; Pre-Mapping Resynthesis Optimization                             ; Off                ; Off                ;
; Analysis & Synthesis Message Level                               ; Medium             ; Medium             ;
; Disable Register Merging Across Hierarchies                      ; Auto               ; Auto               ;
; Resource Aware Inference For Block RAM                           ; On                 ; On                 ;
+------------------------------------------------------------------+--------------------+--------------------+


+------------------------------------------+
; Parallel Compilation                     ;
+----------------------------+-------------+
; Processors                 ; Number      ;
+----------------------------+-------------+
; Number detected on machine ; 8           ;
; Maximum allowed            ; 4           ;
;                            ;             ;
; Average used               ; 1.00        ;
; Maximum used               ; 1           ;
;                            ;             ;
; Usage by Processor         ; % Time Used ;
;     Processor 1            ; 100.0%      ;
+----------------------------+-------------+


+---------------------------------------------------------------------------------------------------------------------------------------------------------------+
; Analysis & Synthesis Source Files Read                                                                                                                        ;
+----------------------------------+-----------------+------------------------+-----------------------------------------------------------------------+---------+
; File Name with User-Entered Path ; Used in Netlist ; File Type              ; File Name with Absolute Path                                          ; Library ;
+----------------------------------+-----------------+------------------------+-----------------------------------------------------------------------+---------+
; mux.v                            ; yes             ; User Verilog HDL File  ; C:/Users/yoonj/Desktop/wonjongbot/git/Intel-FPGA-Academy/lab1/mux.v   ;         ;
; part6.v                          ; yes             ; User Verilog HDL File  ; C:/Users/yoonj/Desktop/wonjongbot/git/Intel-FPGA-Academy/lab1/part6.v ;         ;
+----------------------------------+-----------------+------------------------+-----------------------------------------------------------------------+---------+


+-----------------------------------------------------------+
; Analysis & Synthesis Resource Usage Summary               ;
+---------------------------------------------+-------------+
; Resource                                    ; Usage       ;
+---------------------------------------------+-------------+
; Estimated Total logic elements              ; 18          ;
;                                             ;             ;
; Total combinational functions               ; 18          ;
; Logic element usage by number of LUT inputs ;             ;
;     -- 4 input functions                    ; 0           ;
;     -- 3 input functions                    ; 13          ;
;     -- <=2 input functions                  ; 5           ;
;                                             ;             ;
; Logic elements by mode                      ;             ;
;     -- normal mode                          ; 18          ;
;     -- arithmetic mode                      ; 0           ;
;                                             ;             ;
; Total registers                             ; 0           ;
;     -- Dedicated logic registers            ; 0           ;
;     -- I/O registers                        ; 0           ;
;                                             ;             ;
; I/O pins                                    ; 62          ;
;                                             ;             ;
; Embedded Multiplier 9-bit elements          ; 0           ;
;                                             ;             ;
; Maximum fan-out node                        ; SW[9]~input ;
; Maximum fan-out                             ; 19          ;
; Total fan-out                               ; 153         ;
; Average fan-out                             ; 1.08        ;
+---------------------------------------------+-------------+


+-------------------------------------------------------------------------------------------------------------------------------------------------------------------------------------------------------------------------------------------------------------+
; Analysis & Synthesis Resource Utilization by Entity                                                                                                                                                                                                         ;
+--------------------------------+---------------------+---------------------------+-------------+------------+--------------+---------+-----------+------+--------------+------------+------------------------------------+-------------------+--------------+
; Compilation Hierarchy Node     ; Combinational ALUTs ; Dedicated Logic Registers ; Memory Bits ; UFM Blocks ; DSP Elements ; DSP 9x9 ; DSP 18x18 ; Pins ; Virtual Pins ; ADC blocks ; Full Hierarchy Name                ; Entity Name       ; Library Name ;
+--------------------------------+---------------------+---------------------------+-------------+------------+--------------+---------+-----------+------+--------------+------------+------------------------------------+-------------------+--------------+
; |part6                         ; 18 (0)              ; 0 (0)                     ; 0           ; 0          ; 0            ; 0       ; 0         ; 62   ; 0            ; 0          ; |part6                             ; part6             ; work         ;
;    |mux_3bit_6to1:mux2|        ; 1 (0)               ; 0 (0)                     ; 0           ; 0          ; 0            ; 0       ; 0         ; 0    ; 0            ; 0          ; |part6|mux_3bit_6to1:mux2          ; mux_3bit_6to1     ; work         ;
;       |mux:u4_1|               ; 1 (1)               ; 0 (0)                     ; 0           ; 0          ; 0            ; 0       ; 0         ; 0    ; 0            ; 0          ; |part6|mux_3bit_6to1:mux2|mux:u4_1 ; mux               ; work         ;
;    |mux_3bit_6to1:mux3|        ; 1 (0)               ; 0 (0)                     ; 0           ; 0          ; 0            ; 0       ; 0         ; 0    ; 0            ; 0          ; |part6|mux_3bit_6to1:mux3          ; mux_3bit_6to1     ; work         ;
;       |mux:u4_2|               ; 1 (1)               ; 0 (0)                     ; 0           ; 0          ; 0            ; 0       ; 0         ; 0    ; 0            ; 0          ; |part6|mux_3bit_6to1:mux3|mux:u4_2 ; mux               ; work         ;
;    |mux_3bit_6to1:mux5|        ; 3 (0)               ; 0 (0)                     ; 0           ; 0          ; 0            ; 0       ; 0         ; 0    ; 0            ; 0          ; |part6|mux_3bit_6to1:mux5          ; mux_3bit_6to1     ; work         ;
;       |mux:u4_1|               ; 2 (2)               ; 0 (0)                     ; 0           ; 0          ; 0            ; 0       ; 0         ; 0    ; 0            ; 0          ; |part6|mux_3bit_6to1:mux5|mux:u4_1 ; mux               ; work         ;
;       |mux:u4_2|               ; 1 (1)               ; 0 (0)                     ; 0           ; 0          ; 0            ; 0       ; 0         ; 0    ; 0            ; 0          ; |part6|mux_3bit_6to1:mux5|mux:u4_2 ; mux               ; work         ;
;    |three_bit_decoder:comb_21| ; 1 (1)               ; 0 (0)                     ; 0           ; 0          ; 0            ; 0       ; 0         ; 0    ; 0            ; 0          ; |part6|three_bit_decoder:comb_21   ; three_bit_decoder ; work         ;
;    |three_bit_decoder:comb_22| ; 1 (1)               ; 0 (0)                     ; 0           ; 0          ; 0            ; 0       ; 0         ; 0    ; 0            ; 0          ; |part6|three_bit_decoder:comb_22   ; three_bit_decoder ; work         ;
;    |three_bit_decoder:comb_23| ; 1 (1)               ; 0 (0)                     ; 0           ; 0          ; 0            ; 0       ; 0         ; 0    ; 0            ; 0          ; |part6|three_bit_decoder:comb_23   ; three_bit_decoder ; work         ;
;    |three_bit_decoder:comb_24| ; 3 (3)               ; 0 (0)                     ; 0           ; 0          ; 0            ; 0       ; 0         ; 0    ; 0            ; 0          ; |part6|three_bit_decoder:comb_24   ; three_bit_decoder ; work         ;
;    |three_bit_decoder:comb_25| ; 3 (3)               ; 0 (0)                     ; 0           ; 0          ; 0            ; 0       ; 0         ; 0    ; 0            ; 0          ; |part6|three_bit_decoder:comb_25   ; three_bit_decoder ; work         ;
;    |three_bit_decoder:comb_26| ; 4 (4)               ; 0 (0)                     ; 0           ; 0          ; 0            ; 0       ; 0         ; 0    ; 0            ; 0          ; |part6|three_bit_decoder:comb_26   ; three_bit_decoder ; work         ;
+--------------------------------+---------------------+---------------------------+-------------+------------+--------------+---------+-----------+------+--------------+------------+------------------------------------+-------------------+--------------+
Note: For table entries with two numbers listed, the numbers in parentheses indicate the number of resources of the given type used by the specific entity alone. The numbers listed outside of parentheses indicate the total resources of the given type used by the specific entity and all of its sub-entities in the hierarchy.


+------------------------------------------------------+
; General Register Statistics                          ;
+----------------------------------------------+-------+
; Statistic                                    ; Value ;
+----------------------------------------------+-------+
; Total registers                              ; 0     ;
; Number of registers using Synchronous Clear  ; 0     ;
; Number of registers using Synchronous Load   ; 0     ;
; Number of registers using Asynchronous Clear ; 0     ;
; Number of registers using Asynchronous Load  ; 0     ;
; Number of registers using Clock Enable       ; 0     ;
; Number of registers using Preset             ; 0     ;
+----------------------------------------------+-------+


+------------------------------------------------+
; Port Connectivity Checks: "mux_3bit_6to1:mux0" ;
+---------+-------+----------+-------------------+
; Port    ; Type  ; Severity ; Details           ;
+---------+-------+----------+-------------------+
; U       ; Input ; Info     ; Stuck at GND      ;
; V[2..1] ; Input ; Info     ; Stuck at GND      ;
; V[0]    ; Input ; Info     ; Stuck at VCC      ;
; W[2]    ; Input ; Info     ; Stuck at GND      ;
; W[1]    ; Input ; Info     ; Stuck at VCC      ;
; W[0]    ; Input ; Info     ; Stuck at GND      ;
; X[1..0] ; Input ; Info     ; Stuck at VCC      ;
; X[2]    ; Input ; Info     ; Stuck at GND      ;
; Y[1..0] ; Input ; Info     ; Stuck at GND      ;
; Y[2]    ; Input ; Info     ; Stuck at VCC      ;
; Z[2]    ; Input ; Info     ; Stuck at VCC      ;
; Z[1]    ; Input ; Info     ; Stuck at GND      ;
; Z[0]    ; Input ; Info     ; Stuck at VCC      ;
+---------+-------+----------+-------------------+


+-----------------------------------------------------+
; Post-Synthesis Netlist Statistics for Top Partition ;
+-----------------------+-----------------------------+
; Type                  ; Count                       ;
+-----------------------+-----------------------------+
; boundary_port         ; 62                          ;
; cycloneiii_lcell_comb ; 28                          ;
;     normal            ; 28                          ;
;         0 data inputs ; 1                           ;
;         1 data inputs ; 9                           ;
;         2 data inputs ; 5                           ;
;         3 data inputs ; 13                          ;
;                       ;                             ;
; Max LUT depth         ; 2.00                        ;
; Average LUT depth     ; 1.58                        ;
+-----------------------+-----------------------------+


+-------------------------------+
; Elapsed Time Per Partition    ;
+----------------+--------------+
; Partition Name ; Elapsed Time ;
+----------------+--------------+
; Top            ; 00:00:00     ;
+----------------+--------------+


+-------------------------------+
; Analysis & Synthesis Messages ;
+-------------------------------+
Info: *******************************************************************
Info: Running Quartus Prime Analysis & Synthesis
    Info: Version 18.1.0 Build 625 09/12/2018 SJ Lite Edition
    Info: Processing started: Thu Jul 21 21:11:48 2022
Info: Command: quartus_map --read_settings_files=on --write_settings_files=off lab1 -c lab1
Warning (18236): Number of processors has not been specified which may cause overloading on shared machines.  Set the global assignment NUM_PARALLEL_PROCESSORS in your QSF to an appropriate value for best performance.
Info (20030): Parallel compilation is enabled and will use 4 of the 4 processors detected
Info (12021): Found 1 design units, including 1 entities, in source file part1.v
    Info (12023): Found entity 1: part1 File: C:/Users/yoonj/Desktop/wonjongbot/git/Intel-FPGA-Academy/lab1/part1.v Line: 1
Info (12021): Found 1 design units, including 1 entities, in source file part2.v
    Info (12023): Found entity 1: part2 File: C:/Users/yoonj/Desktop/wonjongbot/git/Intel-FPGA-Academy/lab1/part2.v Line: 1
Info (12021): Found 1 design units, including 1 entities, in source file part3.v
    Info (12023): Found entity 1: part3 File: C:/Users/yoonj/Desktop/wonjongbot/git/Intel-FPGA-Academy/lab1/part3.v Line: 23
Warning (12090): Entity "mux" obtained from "mux.v" instead of from Quartus Prime megafunction library File: C:/Users/yoonj/Desktop/wonjongbot/git/Intel-FPGA-Academy/lab1/mux.v Line: 1
Info (12021): Found 1 design units, including 1 entities, in source file mux.v
    Info (12023): Found entity 1: mux File: C:/Users/yoonj/Desktop/wonjongbot/git/Intel-FPGA-Academy/lab1/mux.v Line: 1
Info (12021): Found 1 design units, including 1 entities, in source file part4.v
    Info (12023): Found entity 1: part4 File: C:/Users/yoonj/Desktop/wonjongbot/git/Intel-FPGA-Academy/lab1/part4.v Line: 1
Info (12021): Found 3 design units, including 3 entities, in source file part5.v
    Info (12023): Found entity 1: part5 File: C:/Users/yoonj/Desktop/wonjongbot/git/Intel-FPGA-Academy/lab1/part5.v Line: 1
    Info (12023): Found entity 2: char_7seg File: C:/Users/yoonj/Desktop/wonjongbot/git/Intel-FPGA-Academy/lab1/part5.v Line: 28
    Info (12023): Found entity 3: mux_2bit_4to1 File: C:/Users/yoonj/Desktop/wonjongbot/git/Intel-FPGA-Academy/lab1/part5.v Line: 49
Info (12021): Found 3 design units, including 3 entities, in source file part6.v
    Info (12023): Found entity 1: part6 File: C:/Users/yoonj/Desktop/wonjongbot/git/Intel-FPGA-Academy/lab1/part6.v Line: 1
    Info (12023): Found entity 2: mux_3bit_6to1 File: C:/Users/yoonj/Desktop/wonjongbot/git/Intel-FPGA-Academy/lab1/part6.v Line: 63
    Info (12023): Found entity 3: three_bit_decoder File: C:/Users/yoonj/Desktop/wonjongbot/git/Intel-FPGA-Academy/lab1/part6.v Line: 92
Critical Warning (10846): Verilog HDL Instantiation warning at part6.v(33): instance has no name File: C:/Users/yoonj/Desktop/wonjongbot/git/Intel-FPGA-Academy/lab1/part6.v Line: 33
Critical Warning (10846): Verilog HDL Instantiation warning at part6.v(38): instance has no name File: C:/Users/yoonj/Desktop/wonjongbot/git/Intel-FPGA-Academy/lab1/part6.v Line: 38
Critical Warning (10846): Verilog HDL Instantiation warning at part6.v(43): instance has no name File: C:/Users/yoonj/Desktop/wonjongbot/git/Intel-FPGA-Academy/lab1/part6.v Line: 43
Critical Warning (10846): Verilog HDL Instantiation warning at part6.v(48): instance has no name File: C:/Users/yoonj/Desktop/wonjongbot/git/Intel-FPGA-Academy/lab1/part6.v Line: 48
Critical Warning (10846): Verilog HDL Instantiation warning at part6.v(53): instance has no name File: C:/Users/yoonj/Desktop/wonjongbot/git/Intel-FPGA-Academy/lab1/part6.v Line: 53
Critical Warning (10846): Verilog HDL Instantiation warning at part6.v(58): instance has no name File: C:/Users/yoonj/Desktop/wonjongbot/git/Intel-FPGA-Academy/lab1/part6.v Line: 58
Info (12127): Elaborating entity "part6" for the top level hierarchy
Warning (10034): Output port "LEDR" at part6.v(3) has no driver File: C:/Users/yoonj/Desktop/wonjongbot/git/Intel-FPGA-Academy/lab1/part6.v Line: 3
Info (12128): Elaborating entity "mux_3bit_6to1" for hierarchy "mux_3bit_6to1:mux0" File: C:/Users/yoonj/Desktop/wonjongbot/git/Intel-FPGA-Academy/lab1/part6.v Line: 31
Info (12128): Elaborating entity "mux" for hierarchy "mux_3bit_6to1:mux0|mux:U0_0" File: C:/Users/yoonj/Desktop/wonjongbot/git/Intel-FPGA-Academy/lab1/part6.v Line: 69
Info (12128): Elaborating entity "three_bit_decoder" for hierarchy "three_bit_decoder:comb_21" File: C:/Users/yoonj/Desktop/wonjongbot/git/Intel-FPGA-Academy/lab1/part6.v Line: 33
Warning (13024): Output pins are stuck at VCC or GND
    Warning (13410): Pin "LEDR[0]" is stuck at GND File: C:/Users/yoonj/Desktop/wonjongbot/git/Intel-FPGA-Academy/lab1/part6.v Line: 3
    Warning (13410): Pin "LEDR[1]" is stuck at GND File: C:/Users/yoonj/Desktop/wonjongbot/git/Intel-FPGA-Academy/lab1/part6.v Line: 3
    Warning (13410): Pin "LEDR[2]" is stuck at GND File: C:/Users/yoonj/Desktop/wonjongbot/git/Intel-FPGA-Academy/lab1/part6.v Line: 3
    Warning (13410): Pin "LEDR[3]" is stuck at GND File: C:/Users/yoonj/Desktop/wonjongbot/git/Intel-FPGA-Academy/lab1/part6.v Line: 3
    Warning (13410): Pin "LEDR[4]" is stuck at GND File: C:/Users/yoonj/Desktop/wonjongbot/git/Intel-FPGA-Academy/lab1/part6.v Line: 3
    Warning (13410): Pin "LEDR[5]" is stuck at GND File: C:/Users/yoonj/Desktop/wonjongbot/git/Intel-FPGA-Academy/lab1/part6.v Line: 3
    Warning (13410): Pin "LEDR[6]" is stuck at GND File: C:/Users/yoonj/Desktop/wonjongbot/git/Intel-FPGA-Academy/lab1/part6.v Line: 3
    Warning (13410): Pin "LEDR[7]" is stuck at GND File: C:/Users/yoonj/Desktop/wonjongbot/git/Intel-FPGA-Academy/lab1/part6.v Line: 3
    Warning (13410): Pin "LEDR[8]" is stuck at GND File: C:/Users/yoonj/Desktop/wonjongbot/git/Intel-FPGA-Academy/lab1/part6.v Line: 3
    Warning (13410): Pin "LEDR[9]" is stuck at GND File: C:/Users/yoonj/Desktop/wonjongbot/git/Intel-FPGA-Academy/lab1/part6.v Line: 3
Info (286030): Timing-Driven Synthesis is running
Info (16010): Generating hard_block partition "hard_block:auto_generated_inst"
    Info (16011): Adding 0 node(s), including 0 DDIO, 0 PLL, 0 transceiver and 0 LCELL
Warning (21074): Design contains 7 input pin(s) that do not drive logic
    Warning (15610): No output dependent on input pin "SW[0]" File: C:/Users/yoonj/Desktop/wonjongbot/git/Intel-FPGA-Academy/lab1/part6.v Line: 2
    Warning (15610): No output dependent on input pin "SW[1]" File: C:/Users/yoonj/Desktop/wonjongbot/git/Intel-FPGA-Academy/lab1/part6.v Line: 2
    Warning (15610): No output dependent on input pin "SW[2]" File: C:/Users/yoonj/Desktop/wonjongbot/git/Intel-FPGA-Academy/lab1/part6.v Line: 2
    Warning (15610): No output dependent on input pin "SW[3]" File: C:/Users/yoonj/Desktop/wonjongbot/git/Intel-FPGA-Academy/lab1/part6.v Line: 2
    Warning (15610): No output dependent on input pin "SW[4]" File: C:/Users/yoonj/Desktop/wonjongbot/git/Intel-FPGA-Academy/lab1/part6.v Line: 2
    Warning (15610): No output dependent on input pin "SW[5]" File: C:/Users/yoonj/Desktop/wonjongbot/git/Intel-FPGA-Academy/lab1/part6.v Line: 2
    Warning (15610): No output dependent on input pin "SW[6]" File: C:/Users/yoonj/Desktop/wonjongbot/git/Intel-FPGA-Academy/lab1/part6.v Line: 2
Info (21057): Implemented 80 device resources after synthesis - the final resource count might be different
    Info (21058): Implemented 10 input pins
    Info (21059): Implemented 52 output pins
    Info (21061): Implemented 18 logic cells
Info: Quartus Prime Analysis & Synthesis was successful. 0 errors, 28 warnings
    Info: Peak virtual memory: 4751 megabytes
    Info: Processing ended: Thu Jul 21 21:12:01 2022
    Info: Elapsed time: 00:00:13
    Info: Total CPU time (on all processors): 00:00:26


